2021-01-20 15:30:48,743 INFO o.a.j.u.JMeterUtils: Setting Locale to en_EN
2021-01-20 15:30:48,776 INFO o.a.j.JMeter: Loading user properties from: user.properties
2021-01-20 15:30:48,797 INFO o.a.j.JMeter: Loading system properties from: system.properties
2021-01-20 15:30:48,799 INFO o.a.j.JMeter: Copyright (c) 1998-2020 The Apache Software Foundation
2021-01-20 15:30:48,800 INFO o.a.j.JMeter: Version 5.3
2021-01-20 15:30:48,800 INFO o.a.j.JMeter: java.version=1.8.0_241
2021-01-20 15:30:48,800 INFO o.a.j.JMeter: java.vm.name=Java HotSpot(TM) 64-Bit Server VM
2021-01-20 15:30:48,800 INFO o.a.j.JMeter: os.name=Windows 10
2021-01-20 15:30:48,800 INFO o.a.j.JMeter: os.arch=amd64
2021-01-20 15:30:48,800 INFO o.a.j.JMeter: os.version=10.0
2021-01-20 15:30:48,800 INFO o.a.j.JMeter: file.encoding=MS874
2021-01-20 15:30:48,800 INFO o.a.j.JMeter: java.awt.headless=null
2021-01-20 15:30:48,800 INFO o.a.j.JMeter: Max memory     =1073741824
2021-01-20 15:30:48,800 INFO o.a.j.JMeter: Available Processors =8
2021-01-20 15:30:48,806 INFO o.a.j.JMeter: Default Locale=English (EN)
2021-01-20 15:30:48,806 INFO o.a.j.JMeter: JMeter  Locale=English (EN)
2021-01-20 15:30:48,806 INFO o.a.j.JMeter: JMeterHome=D:\apache-jmeter-5.3
2021-01-20 15:30:48,806 INFO o.a.j.JMeter: user.dir  =D:\apache-jmeter-5.3\bin
2021-01-20 15:30:48,807 INFO o.a.j.JMeter: PWD       =D:\apache-jmeter-5.3\bin
2021-01-20 15:30:48,814 INFO o.a.j.JMeter: IP: 192.168.99.1 Name: lbkksucharts FullName: 192.168.99.1
2021-01-20 15:30:49,153 INFO o.a.j.JMeter: Setting LAF to: com.github.weisj.darklaf.DarkLaf:com.github.weisj.darklaf.theme.DarculaTheme
2021-01-20 15:30:49,941 INFO o.a.j.JMeter: Loaded icon properties from org/apache/jmeter/images/icon.properties
